# JRE version: OpenJDK Runtime Environment Corretto-17.0.11.9.1 (17.0.11+9) (build 17.0.11+9-LTS)
# Java VM: OpenJDK 64-Bit Server VM Corretto-17.0.11.9.1 (17.0.11+9-LTS, mixed mode, sharing, tiered, compressed oops, compressed class ptrs, g1 gc, windows-amd64)
GC Precious Log:
 CPUs: 12 total, 12 available
 Memory: 15297M
 Large Page Support: Disabled
 NUMA Support: Disabled
 Compressed Oops: Enabled (Zero based)
 Heap Region Size: 2M
 Heap Min Capacity: 8M
 Heap Initial Capacity: 240M
 Heap Max Capacity: 3826M
 Pre-touch: Disabled
 Parallel Workers: 10
 Concurrent Workers: 3
 Concurrent Refinement Workers: 10
 Periodic GC: Disabled
Heap:
 garbage-first heap   total 40960K, used 20352K [0x0000000710e00000, 0x0000000800000000)
  region size 2048K, 9 young (18432K), 1 survivors (2048K)
 Metaspace       used 22924K, committed 23232K, reserved 1114112K
  class space    used 2672K, committed 2816K, reserved 1048576K
GC Heap History (6 events):
Event: 7.706 GC heap before
{Heap before GC invocations=0 (full 0):
 garbage-first heap   total 245760K, used 22528K [0x0000000710e00000, 0x0000000800000000)
  region size 2048K, 11 young (22528K), 0 survivors (0K)
 Metaspace       used 14899K, committed 15168K, reserved 1114112K
  class space    used 1727K, committed 1856K, reserved 1048576K
}
Event: 7.709 GC heap after
{Heap after GC invocations=1 (full 0):
 garbage-first heap   total 245760K, used 6894K [0x0000000710e00000, 0x0000000800000000)
  region size 2048K, 2 young (4096K), 2 survivors (4096K)
 Metaspace       used 14899K, committed 15168K, reserved 1114112K
  class space    used 1727K, committed 1856K, reserved 1048576K
}
Event: 7.876 GC heap before
{Heap before GC invocations=1 (full 0):
 garbage-first heap   total 245760K, used 27374K [0x0000000710e00000, 0x0000000800000000)
  region size 2048K, 13 young (26624K), 2 survivors (4096K)
 Metaspace       used 20780K, committed 21056K, reserved 1114112K
  class space    used 2399K, committed 2560K, reserved 1048576K
}
Event: 7.878 GC heap after
{Heap after GC invocations=2 (full 0):
 garbage-first heap   total 245760K, used 8017K [0x0000000710e00000, 0x0000000800000000)
  region size 2048K, 1 young (2048K), 1 survivors (2048K)
 Metaspace       used 20780K, committed 21056K, reserved 1114112K
  class space    used 2399K, committed 2560K, reserved 1048576K
}
Event: 7.892 GC heap before
{Heap before GC invocations=2 (full 0):
 garbage-first heap   total 245760K, used 8017K [0x0000000710e00000, 0x0000000800000000)
  region size 2048K, 2 young (4096K), 1 survivors (2048K)
 Metaspace       used 21257K, committed 21504K, reserved 1114112K
  class space    used 2448K, committed 2560K, reserved 1048576K
}
Event: 7.893 GC heap after
{Heap after GC invocations=3 (full 0):
 garbage-first heap   total 245760K, used 8064K [0x0000000710e00000, 0x0000000800000000)
  region size 2048K, 1 young (2048K), 1 survivors (2048K)
 Metaspace       used 21257K, committed 21504K, reserved 1114112K
  class space    used 2448K, committed 2560K, reserved 1048576K
}

